[debug] [2022-12-24T05:09:35.246Z] ----------------------------------------------------------------------
[debug] [2022-12-24T05:09:35.248Z] Command:       C:\Program Files\nodejs\node.exe C:\Users\Admin\AppData\Roaming\npm\node_modules\firebase-tools\lib\bin\firebase.js init
[debug] [2022-12-24T05:09:35.249Z] CLI Version:   11.19.0
[debug] [2022-12-24T05:09:35.249Z] Platform:      win32
[debug] [2022-12-24T05:09:35.249Z] Node Version:  v16.16.0
[debug] [2022-12-24T05:09:35.251Z] Time:          Sat Dec 24 2022 10:39:35 GMT+0530 (India Standard Time)
[debug] [2022-12-24T05:09:35.251Z] ----------------------------------------------------------------------
[debug] 
[debug] [2022-12-24T05:09:35.261Z] > command requires scopes: ["email","openid","https://www.googleapis.com/auth/cloudplatformprojects.readonly","https://www.googleapis.com/auth/firebase","https://www.googleapis.com/auth/cloud-platform"]
[debug] [2022-12-24T05:09:35.261Z] > authorizing via signed-in user (chinmaydhondale@gmail.com)
[info] 
     ######## #### ########  ######## ########     ###     ######  ########
     ##        ##  ##     ## ##       ##     ##  ##   ##  ##       ##
     ######    ##  ########  ######   ########  #########  ######  ######
     ##        ##  ##    ##  ##       ##     ## ##     ##       ## ##
     ##       #### ##     ## ######## ########  ##     ##  ######  ########

You're about to initialize a Firebase project in this directory:

  C:\Chinmay_Projects\VS Files\Web Files\fastapi server

Before we get started, keep in mind:

  * You are currently outside your home directory

[info] 
=== Project Setup
[info] 
[info] First, let's associate this project directory with a Firebase project.
[info] You can create multiple project aliases by running firebase use --add, 
[info] but for now we'll just set up a default project.
[info] 
[debug] [2022-12-24T05:09:42.246Z] > refreshing access token with scopes: []
[debug] [2022-12-24T05:09:42.249Z] >>> [apiv2][query] POST https://www.googleapis.com/oauth2/v3/token [none]
[debug] [2022-12-24T05:09:42.250Z] >>> [apiv2][body] POST https://www.googleapis.com/oauth2/v3/token [omitted]
[debug] [2022-12-24T05:09:42.435Z] <<< [apiv2][status] POST https://www.googleapis.com/oauth2/v3/token 200
[debug] [2022-12-24T05:09:42.435Z] <<< [apiv2][body] POST https://www.googleapis.com/oauth2/v3/token [omitted]
[debug] [2022-12-24T05:09:42.452Z] >>> [apiv2][query] GET https://firebase.googleapis.com/v1beta1/projects pageSize=100
[debug] [2022-12-24T05:09:43.140Z] <<< [apiv2][status] GET https://firebase.googleapis.com/v1beta1/projects 200
[debug] [2022-12-24T05:09:43.140Z] <<< [apiv2][body] GET https://firebase.googleapis.com/v1beta1/projects [omitted]
[info] i  Using project fast-api-server-chinmay (Fast Api Server Chinmay) 
[info] 
=== Hosting Setup
[info] 
[info] Your public directory is the folder (relative to your project directory) that
[info] will contain Hosting assets to be uploaded with firebase deploy. If you
[info] have a build process for your assets, use your build's output directory.
[info] 
[debug] [2022-12-24T05:10:15.947Z] Error: ENOTDIR: not a directory, scandir 'C:\Chinmay_Projects\VS Files\Web Files\fastapi server\web-100.py'
    at Object.readdirSync (node:fs:1405:3)
    at Object.createFileSync (C:\Users\Admin\AppData\Roaming\npm\node_modules\firebase-tools\node_modules\fs-extra\lib\ensure\file.js:55:10)
    at Config.writeProjectFile (C:\Users\Admin\AppData\Roaming\npm\node_modules\firebase-tools\lib\config.js:152:12)
    at C:\Users\Admin\AppData\Roaming\npm\node_modules\firebase-tools\lib\config.js:176:22
    at processTicksAndRejections (node:internal/process/task_queues:96:5)
    at async doSetup (C:\Users\Admin\AppData\Roaming\npm\node_modules\firebase-tools\lib\init\features\hosting\index.js:129:13)
    at async init (C:\Users\Admin\AppData\Roaming\npm\node_modules\firebase-tools\lib\init\index.js:36:9)
[error] 
[error] Error: An unexpected error has occurred.
[debug] [2022-12-24T05:10:26.832Z] ----------------------------------------------------------------------
[debug] [2022-12-24T05:10:26.834Z] Command:       C:\Program Files\nodejs\node.exe C:\Users\Admin\AppData\Roaming\npm\node_modules\firebase-tools\lib\bin\firebase.js init
[debug] [2022-12-24T05:10:26.835Z] CLI Version:   11.19.0
[debug] [2022-12-24T05:10:26.835Z] Platform:      win32
[debug] [2022-12-24T05:10:26.835Z] Node Version:  v16.16.0
[debug] [2022-12-24T05:10:26.837Z] Time:          Sat Dec 24 2022 10:40:26 GMT+0530 (India Standard Time)
[debug] [2022-12-24T05:10:26.837Z] ----------------------------------------------------------------------
[debug] 
[debug] [2022-12-24T05:10:26.847Z] > command requires scopes: ["email","openid","https://www.googleapis.com/auth/cloudplatformprojects.readonly","https://www.googleapis.com/auth/firebase","https://www.googleapis.com/auth/cloud-platform"]
[debug] [2022-12-24T05:10:26.847Z] > authorizing via signed-in user (chinmaydhondale@gmail.com)
[info] 
     ######## #### ########  ######## ########     ###     ######  ########
     ##        ##  ##     ## ##       ##     ##  ##   ##  ##       ##
     ######    ##  ########  ######   ########  #########  ######  ######
     ##        ##  ##    ##  ##       ##     ## ##     ##       ## ##
     ##       #### ##     ## ######## ########  ##     ##  ######  ########

You're about to initialize a Firebase project in this directory:

  C:\Chinmay_Projects\VS Files\Web Files\fastapi server

Before we get started, keep in mind:

  * You are currently outside your home directory

[info] 
=== Project Setup
[info] 
[info] First, let's associate this project directory with a Firebase project.
[info] You can create multiple project aliases by running firebase use --add, 
[info] but for now we'll just set up a default project.
[info] 
[debug] [2022-12-24T05:10:33.577Z] >>> [apiv2][query] GET https://firebase.googleapis.com/v1beta1/projects pageSize=100
[debug] [2022-12-24T05:10:34.262Z] <<< [apiv2][status] GET https://firebase.googleapis.com/v1beta1/projects 200
[debug] [2022-12-24T05:10:34.262Z] <<< [apiv2][body] GET https://firebase.googleapis.com/v1beta1/projects [omitted]
[info] i  Using project fast-api-server-chinmay (Fast Api Server Chinmay) 
[info] 
=== Hosting Setup
[info] 
[info] Your public directory is the folder (relative to your project directory) that
[info] will contain Hosting assets to be uploaded with firebase deploy. If you
[info] have a build process for your assets, use your build's output directory.
[info] 
[debug] [2022-12-24T05:10:45.357Z] Error: ENOTDIR: not a directory, scandir 'C:\Chinmay_Projects\VS Files\Web Files\fastapi server\web-100.py'
    at Object.readdirSync (node:fs:1405:3)
    at Object.createFileSync (C:\Users\Admin\AppData\Roaming\npm\node_modules\firebase-tools\node_modules\fs-extra\lib\ensure\file.js:55:10)
    at Config.writeProjectFile (C:\Users\Admin\AppData\Roaming\npm\node_modules\firebase-tools\lib\config.js:152:12)
    at C:\Users\Admin\AppData\Roaming\npm\node_modules\firebase-tools\lib\config.js:176:22
    at processTicksAndRejections (node:internal/process/task_queues:96:5)
    at async doSetup (C:\Users\Admin\AppData\Roaming\npm\node_modules\firebase-tools\lib\init\features\hosting\index.js:129:13)
    at async init (C:\Users\Admin\AppData\Roaming\npm\node_modules\firebase-tools\lib\init\index.js:36:9)
[error] 
[error] Error: An unexpected error has occurred.
